✓ Solemnity of Mary, Mother of God (2026 Edition).BWMpr.docx
✓ WithTheReadinessofLoveVigilance.BWMpr.docx
✓ Finding Jesus.JSDpr.docx
✓ The Prodigal Son GDpr.docx
✓ The Mass.JMpr.docx
✓ The Narrow Path.UIpr.docx
✓ Spiritual Childhood.JMpr.docx
✓ The Priestly Society of the Holy Cross_Feb14th.EWpr.docx
✓ Presentation of Our Lord Feb 2.EWpr.docx
✓ The adoration of the Kings.UIpr.docx
✓ The-Friend-of-Sinners.MMLpr.docx
✓ The-Good-ThiefGDpr.docx
✓ Perseverance.SMFpr.docx
✓ Sts. Timothy and Titus.EWpr.docx
✓ From Tabor to Calvary.NJFpr.docx
✓ Helping-To-Do-Good.RKpr.docx
✓ Our-Lady-Fidelity.JOSHpr.docx
✓ The-Grass-of-the-Field.CPGpr.docx
✓ Love for our Vocation.MMLpr.docx
✓ Peter-and-Prayer.EWpr.docx
✓ Parable of the Sower.EWpr.docx
✓ Ripples in the Ocean.EWpr.docx
✓ Immaculate Conception Dec 8.JSDpr.docx
✓ Walk on Water  FaithGDpr.docx
✓ Easter SundayGDpr.docx
✓ Transfiguration Aug 6th.JMpr.docx
✓ Our Lady of Guadalupe.docx
✓ St. Justin.EWpr.docx
✓ Sanctification of Calumnies.JSDpr.docx
✓ Fishers-of-Men-2022.MVFpr.docx
✓ Children of God.JMpr.docx
✓ St-Monica_Aug-27th-KIpr.docx
✓ St Pius X, Aug 21st.MVFpr.docx
✓ Gratitude-for-Pope-Benedict-XVI.docx
✓ The Only Real Evil.2ndEd.VApr.docx
✓ Enlarging-The-Heart.EWpr.docx
✓ Purity-of-Heart.UIpr.docx
✓ Blessed are the Merciful.EWpr.docx
✓ The Grain of Wheat.GDpr.docx
✓ Nativity of Our Lady.EWpr.docx
✓ Emmaus.OLVpr.docx
✓ Faithfulness.MVFpr.docx
✓ Rich-Before-God.NJFpr.docx
✓ HolyInnocents_2025Edition.EWpr.docx
✓ Christ the Light.PKNpr.docx
✓ The Woman Caught in Adultery final.VApr.docx
✓ Do-not-Be-Afraid 2025Ed.EWpr.docx
✓ Life of Childhood.NIKpr.docx
✓ On Freedom.EWpr.docx
✓ St. Francis de Sales.EWpr.docx
✓ The Baptism of Jesus.MVFpr.docx
✓ Archangels - A Sea Without a Shore (Sept 29th).KIpr.docx
✓ Sparrows.JMpr.docx
✓ First Sunday of St. Joseph (2026).EWpr.docx
✓ Counsel, The Gift of GDpr.docx
✓ Self-emptying and St Joseph.doc.RKpr.docx
✓ The Baptism of the Lord (2027 Edition).EWpr.docx
✓ Do-Not-Let-Your-Hearts-Be-Troubled.docx
✓ Sixth Sunday of St. Joseph (2026).EWpr.docx
✓ The Parable of the Talents.JMpr.docx
✓ The-Lost-Sheep GDpr.docx
✓ Conscience-The-Light-Of-The-Soul.MVFpr.docx
✓ The Storm on the Lake.JM.docx
✓ Contemplative-It-Is-Good-That-We-Are-Here.KIpr.docx
✓ Mental Prayer.JOSHpr.docx
✓ Healing-of-the-Withered-Hand.DWMpr.docx
✓ Holy Rosary Oct 7.OLVpr.docx
✓ Humility of Instruments.MVFpr.docx
✓ Mother of God and Our Mother.JOpr.docx
✓ The-Narrow-Gate.MVFpr.docx
✓ The-Good-Shepherd.EWpr.docx
✓ Parable of the Weeds.UIpr.docx
✓ Our Lady, Woman of the Eucharist.MVFpr.docx
✓ Blessed Are the Peacemakers.PKNpr.docx
✓ Naaman-the-Syrian-Docility.EWpr.docx
✓ Passionately-Loving-the-World.CPGpr.docx
✓ Corpus Christi (Body and Blood of Our Lord) GDpr.docx
✓ Optimism.BWMpr.docx
✓ The Paralytic and His Friends.MMLpr.docx
✓ Aim High.DWMpr.docx
✓ Rectitude of Intention.DWMpr.docx
✓ Charity.MVFpr.docx
✓ Making Up For Lost Time.EWpr.docx
✓ Fruits of the Holy Spirit.EWpr.docx
✓ The Faith of Abraham.OLVpr.docx
✓ Good Friday PassionGDpr.docx
✓ Preparing-for-Retreat.VApr.docx
✓ Children A Gift of God.MMLpr.docx
✓ The-Raising-of-LazarusGDpr.docx
✓ Fathers Day meditation.EWpr.docx
✓ Vigilance and the Rosary.GDpr.docx
✓ Making Good Decisions PrudenceCApr.docx
✓ Octave of Prayer for Unity of Christians.MMLpr.docx
✓ By Their Fruits You Will Know Them.SMFpr.docx
✓ Sanctification-of-Low-Moments.NJFpr.docx
✓ Life of Faith.BWMpr.docx
✓ On Formation.EWpr.docx
✓ Hell and Purgatory and Heaven.JOSHpr.docx
✓ I Came To Cast Fire On Earth.EWpr.docx
✓ All the Glory to God.EWpr.docx
✓ Waiting For The Lord Jesus 2025.JMpr.docx
✓ Placing the cross on the summit of all human activities.MVFpr.docx
✓ Temperance.EWpr.docx
✓ In Expectation of Our Lord.JMpr.docx
✓ St Catherine of Sienna.EWpr.docx
✓ St Mary Magdalene July 22nd.OLVpr.docx
✓ Joy_in_the_Cross_Lent.EWpr.docx
✓ On Meekness.MVFpr.docx
✓ Waiting for Jesus.JOSHpr.docx
✓ Cheerfulness.JMpr.docx
✓ Spiritual-Direction.MMLpr.docx
✓ Christ the King.OLVpr.docx
✓ Eternal-High-Priest.UIpr.docx
✓ Souls of Prayer GDpr.docx
✓ Spirit of Service.JOSH.docx
✓ Holy-Innocents_Dec-28.VApr.docx
✓ Apostolate-of-the-Home MVF.docx
✓ Magnificat Dec 22nd by Juancho Dimaguila.docx
✓ The Truth Will Make You Free.EWpr.docx
✓ The Grandmother.OLVpr.docx
✓ Merciful Messiah Dec 6.MMLpr.docx
✓ Ash Wednesday.CPGpr.docx
✓ Listening.DWMpr.docx
✓ The Miraculous Catch of Fish.EWpr.docx
✓ Bread Of Life.EWpr.docx
✓ On Temperance.CPGpr.docx
✓ St Nicholas of Bari (Dec 6th) tentative.docx
✓ Octave of Corpus Christi_Day 4 Thanksgiving-after-Mass.GDpr.docx
✓ St. Joseph in the Incarnation (Pope Francis).SMFpr.docx
✓ Birthday-of-the-Prelate Don Fernando Oct 27th.KIpr.docx
✓ Wisdom, The Gift Of.EWpr.docx
✓ The Purification of Our Lady.EWpr.docx
✓ Little Duties.JSDpr.docx
✓ Forming Saints in the Domestic Church Easter.EWpr.docx
✓ St John Henry Newman on Laity Oct 9.EWpr.docx
✓ Our-Lady-of-Ransom_Sept-24th.JSDpr.docx
✓ A-Christian-Outlook-on-Death.OLVpr.docx
✓ The Washing of the FeetGDpr.docx
✓ Salt-and-Light.GDpr.docx
✓ St-Francis-of-Assisi-Oct-4th.JMpr.docx
✓ Easter Joy.EWpr.docx
✓ Launch-Out-Into-The-Deep.CApr.docx
✓ House on the Rock.EWpr.docx
✓ In_the_Heart_of_Joseph_and_Mary.BWMpr.docx
✓ Mother of Fair Love.JMpr.docx
✓ Useless Servants.BWMpr.docx
✓ Healing Christs Wounds.EWpr.docx
✓ Woman Issue of Blood.CApr.docx
✓ Our Lady The Queen Aug 22nd.JSDpr.docx
✓ The-Grandfather.KIpr.docx
✓ The Grandeur of Man.EWpr.docx
✓ Cure of the Possessed Boy.MVFpr.docx
✓ Fraternal Correction.UIpr.docx
✓ The Epiphany.KIpr.docx
✓ The Light Streaming from Bethlehem.VApr.docx
✓ Conjugal Love.MVFpr.docx
✓ St. Stephen 2025 Edition.EWpr.docx
✓ Our Lady of the Angels Aug 2.GDpr.docx
✓ Our-Lady-of-Lourdes.OLVpr.docx
✓ Apostolate_of_Confession..BWMpr.docx
✓ Decree of Caesar Augustus and Journey to Bethlehem.EWpr.docx
✓ Sts. Simon and Jude Oct 28.JOSHpr.docx
✓ The-Dignity-of-Work.NJFpr.docx
✓ Curing-of-the-Man-with-an-Unclean-Spirit.MVFpr.docx
✓ Heaven and Vigilance.SMFpr.docx
✓ The Power of the Beatitudes.EWpr.docx
✓ Guardian Angels (Oct 2nd).MVFpr.docx
✓ Seventh Sunday of St. Joseph (2026).EWpr.docx
✓ Martha Martha.docx
✓ The Curing of the Possessed Man (Gerasenes).GDpr.docx
✓ Generosity.EWpr.docx
✓ Octave of Corpus Christi_Day 6 Loving Jesus' House.GDpr.docx
✓ Love of God.EWpr.docx
✓ Joy of the Journey to Bethlehem.JOSHpr.docx
✓ St Joseph and the Setbacks of Life.KIpr.docx
✓ Presentation-of-Our-Lady_Nov-21.JSDpr.docx
✓ Octave of Corpus Christi Day 7 The One Who Gives Us Jesus.JMpr.docx
✓ Judgements (Charity).OLVpr.docx
✓ Great Mothers.EWpr.docx
✓ Anchored-in-Hope.CPGpr.docx
✓ Canonization os St Josemaria Escriva (Oct 6th).MMLpr.docx
✓ St. John the Baptist.MVFpr.docx
✓ Our-Sins-Our-Confession.docx
✓ The-Infinite-Love-of-God.EWpr.docx
✓ Palm SundayGDpr.docx
✓ To Serve.SMFpr.docx
✓ Watchfulness-Advent.DWMpr.docx
✓ St. John Paul II (Oct 22nd Feast Day Edition).JSDpr.docx
✓ Salt That Has Lost Its Savour.MMLpr.docx
✓ Even The Hairs Of Your Head.MVF.docx
✓ May 12 Bl. Alvaro del Portillo.OLVpr.docx
✓ The Syrophoenician Woman.OLVpr.docx
✓ Jesus Christ The Eternal High Priest.EWpr.docx
✓ Our-Lady-Help-Of-Christians.OLVpr.docx
✓ Naturalness and Simplicity.UIpr.docx
✓ Our Mother in May.EWpr.docx
✓ St. Thomas Aquinas.EWpr.docx
✓ Christian-Identity.JMpr.docx
✓ On Apostolate.RKpr.docx
✓ Obedience_2ndEd.JMpr.docx
✓ St Luke Oct 18th.SMFpr.docx
✓ Miracle-at-Cana.MVFpr.docx
✓ Piety,The Gift Of.EWpr.docx
✓ Comforter-of-the-Afflicted.NJFpr.docx
✓ Zeal for Holiness Through Marriage GDpr.docx
✓ The-Baptism-Of-Our-Lord.2026. MMLpr.docx
✓ St Teresa Benedicta of the Cross  Edith Stein Aug 9th.EWpr.docx
✓ First_Thoughts_and_Emotions.EWpr.docx
✓ The-Imagination-and-Interior-Mortification.RKpr.docx
✓ Discerning One's Vocation.OLVpr.docx
✓ Abandonment-2022.OLVpr.docx
✓ Against-All-Hope.OLVpr.docx
✓ Imagination_the_Mad_Woman.EWpr.docx
✓ St. John (Dec 27th).GDpr.docx
✓ Thanksgiving.JSDpr.docx
✓ Solemnity of St. Joseph (2026).EWpr.docx
✓ Beatitudes.GDpr.docx
✓ Marriage_and_Indissolubility.BMWpr.docx
✓ The End of Life.PKNpr.docx
✓ St_Francis_Xavier_Dec3rd.CPGpr.docx
✓ Anniversary of The Election of the Father.JMpr.docx
✓ Passion for Unity.UIpr.docx
✓ On Grace, Supernatural Life and Confession.MVFpr.docx
✓ Mary of Bethany Authentic Love GDpr.docx
✓ The Father in the Work.MMLpr.docx
✓ Healing-of-the-Ten-Lepers.PKNpr.docx
✓ Love for Peter.PKNpr.docx
✓ The Birth of St John The Baptist June 24th.MVFpr.docx
✓ Parable of the Rich-Man-and-Lazarus.GDpr.docx
✓ Pray-for-the-Dead.BWMpr.docx
✓ Paralytic-at-Capharnaum.EWpr.docx
✓ Good-Anger-Bad-Anger.MVFpr.docx
✓ St Joseph the Worker May 1GDpr.docx
✓ Our Lady of Peace.EWpr.docx
✓ On Work.OLVpr.docx
✓ All Souls (Nov 2nd).CPGpr.docx
✓ Fraternity in the Work.RKpr.docx
✓ Marriage in Heaven.JOSHpr.docx
✓ True Prayer.OLVpr.docx
✓ Fortitude, The Gift of.OLVpr.docx
✓ Preparing To Receive Jesus.JMpr.docx
✓ RejectionGDpr.docx
✓ The Good Samaritan.MVFpr.docx
✓ Much Will Be Demanded Responsability.UIpr.docx
✓ The Visitation of Our Lady.MVFpr.docx
✓ Fourth Sunday of St. Joseph (2026).EWpr.docx
✓ Exaltation of the Holy Cross - Sep 14th.OLVpr.docx
✓ Fifth Sunday of St. Joseph (2026).EWpr.docx
✓ Anniv-Ordination-St-Josemaria-March-28th.EWpr.docx
✓ Fire-On-Earth.UIpr.docx
✓ The Devils Cast Out.DWMpr.docx
✓ Christ Is Passing By.EWpr.docx
✓ Patience.MVFpr.docx
✓ The-Blind-Man.MVFpr.docx
✓ Beginning Again Dec. 14.OLVpr.docx
✓ Creative-Courage-of-St-Joseph.BWMpr.docx
✓ Heart In The Family JM.docx
✓ The-Daughter-of-Jairus.MVFpr.docx
✓ Friendship and Confidence.MVFpr.docx
✓ ReadingtheSigns.BWMpr.docx
✓ Knowledge, The Gift of.EWpr.docx
✓ Parable-of-the-Mustard-Seed.PNpr.docx
✓ Sts Peter and Paul June 29th.OLVpr.docx
✓ Loyalty.EWpr.docx
✓ Sacred Humanity of Jesus.SMFpr.docx
✓ Anniv. First Communion Our Father.EWpr.docx
✓ Sin of Pride - The Elder Son.SMFpr.docx
✓ The Prelate Saints Day.OLVpr.docx
✓ St Thomas More June 22.GDpr.docx
✓ Purity-of-Soul.UIpr.docx
✓ Understanding, The Gift of.EWpr.docx
✓ Judas.EWpr.docx
✓ The Wisdom of Solomon.MVFpr.docx
✓ The First Disciples.MMLpr.docx
✓ Doctrinal Formation.JSDpr.docx
✓ Saints_Cyril_and_Methodius.EWpr.docx
✓ Self Love - The Enemy.CPGpr.docx
✓ The Will of GodGDpr.docx
✓ Render Unto Caesar.MMLpr.docx
✓ Sick-and-You-Visited-Me.RKpr.docx
✓ Understanding.CApr.docx
✓ St Severinus Unity.JMpr.docx
✓ Lukewarmness.docx
✓ God Has Captured Me with His Love.JMpr.docx
✓ Conversion of St Paul.MVFpr.docx
✓ Personal-Prayer.OLVpr.docx
✓ Vanity (He Must Increase).EWpr.docx
✓ Birthday of St Josemaria.DWMpr.docx
✓ Pro-Active Love.JSDpr.docx
✓ Serving-One-Master.UIpr.docx
✓ I-ThirstGDpr.docx
✓ The Sacred Heart of Jesus.GDpr.docx
✓ The-Widow-of-Naim.PNpr.docx
✓ Feast of the Holy Family.PKNpr.docx
✓ Lent_Christ Death on the Cross.EWpr.docx
✓ Anniversary of the Ordination of the First Three Priests of the Prelature June 25.MVFpr.docx
✓ Conversion of St. Paul (2027 Edition).EWpr.docx
✓ Friendship of Jesus.MVFpr.docx
✓ Sacrament-of-Growth-and-Mercy.MVFpr.docx
✓ Multiplication of the Loaves and FishGDpr.docx
✓ Fidelity in MarriageGDpr.docx
✓ Immaculate Heart of Mary.EWpr.docx
✓ On Purity.OLVpr.docx
✓ Sts-Philip-and-James-May-3GDpr.docx
✓ A-Cup-of-Cold-Water.PKNpr.docx
✓ Patience-in-Adversity.UIpr.docx
✓ Forgiveness.CPGpr.docx
✓ Communion-of-Saints.PKNpr.docx
✓ SimeonandAnnaDec29th.BWMpr.docx
✓ Magnanimity.JSDpr.docx
✓ Second Sunday of St. Joseph (2026).EWpr.docx
✓ Pope Francis Anniv Election March 13th.PKNpr.docx
✓ Our Father God.JMpr.docx
✓ Pool at BethsaidaGDpr.docx
✓ Fear of the Lord, Gift of.EWpr.docx
✓ Keeping My Word.NIKpr.docx
✓ May 13 Our Lady of Fatima.MVF.docx
✓ St-Patrick-March-17th.MVFpr.docx
✓ Divine Mercy Sunday.OLVpr.docx
✓ All Saints (Nov 1st).EWpr.docx
✓ St Joseph Holiness in Ordinary Life.MMLpr.docx
✓ Mary Mother of God (2027 Edition).EWpr.docx
✓ Poverty and Detachment.OLVpr.docx
✓ Unity-of-Life. DWMpr.docx
✓ Learning to Ask.JSDpr.docx
✓ Our-Lady-Mother-of-Mercy.OLVpr.docx
✓ Contrition.NIKpr.docx
✓ Self-denial.EWpr.docx
✓ Apart From Me You Can Do Nothing.CPGpr.docx
✓ Bartimeus.OLVpr.docx
✓ Christian Virtues.KIpr.docx
✓ Your One and Only Father.UIpr.docx
✓ The Centurion.EWpr.docx
✓ St John Henry Newman on Friendship Oct 9.EWpr.docx
✓ MortificationGDpr.docx
✓ Mother of the Church (Monday after Pentecost).OLVpr.docx
✓ The Unmerciful Servant.KIpr.docx
✓ Invoking Our Saviour.EWpr.docx
✓ Prince-of-Peace.UIpr.docx
✓ Parable-of-The-Wedding-Feast.VApr.docx
✓ Last Day of the Year (Dec 31st).PKNpr.docx
✓ Correspondence to Grace.RKpr.docx
✓ At The School of Mary.EWpr.docx
✓ St Joseph The Family Man.EWpr.docx
✓ Christmas Meditation.MVFpr.docx
✓ Our Lady of Africa April 30th.JSDpr.docx
✓ Precious Blood of Christ.JMpr.docx
✓ Anniversary of the Women of the Prelature_Feb14th.DWMpr.docx
✓ Exalted.EWpr.docx
✓ Anniversary of the Establishment of the Prelature - Nov 28th GDpr.docx
✓ Third Sunday of St. Joseph (2026).EWpr.docx
✓ Be You Perfect.MVFpr.docx
✓ Dedication of St Mary Major Aug 5th.JMpr.docx
✓ Little Things.JSDpr.docx
✓ Love-For-Priests.GDpr.docx
✓ Apostolate 2021.PKNpr.docx
✓ St John Mary Vianney.JMpr.docx
✓ TheLordsDay.BWMpr.docx
✓ The-Mystery-of-the-Incarnation GDpr.docx
✓ Love for Chastity.EWpr.docx
✓ On Creation.RKpr.docx
✓ The Shepherds and Peace.UIpr.docx
✓ Spirit and Life.VApr.docx
✓ Eternal Happiness.JM.docx
✓ Octave of Corpus Christi Day 8 The Bread Our Heavenly Mother Gives Us.JMpr.docx
✓ The-Harvest-is-Plentiful.docx
✓ Infectious Faith.VApr.docx
✓ St-Mark-April-25.EWpr.docx
✓ Interior Struggle.MVFpr.docx
✓ Forming Saints in the Domestic Church Cross.JMpr.docx
✓ It is Right and Just.BWMpr.docx
✓ Christmas2025.EWpr.docx
✓ Our-Lady-of-Loreto_Dec10th.MVFpr.docx
✓ Our Lady of Pilar_Oct12th.CPGpr.docx
✓ The Widow's Mite.OLVpr.docx
✓ Mary, Mother of God (Jan 1st).RKpr.docx
✓ The Beauty of the Manger.CPGpr.docx
✓ Making A More Just World.EWpr.docx
✓ Obedience in Bethlehem.MMLpr.docx
✓ Presence of God.MVFpr.docx
✓ St-Andrew-Nov-30.GDpr.docx
✓ Piety.JOSHpr.docx
✓ On Order.JMpr.docx
✓ At St. Joseph's Side.RKpr.docx
✓ Assumption of Our Lady Aug 15th.OLVpr.docx
✓ Increase My Faith.NJFpr.docx
✓ St Josemaria June 26th.MVFpr.docx
✓ The Epiphany of Our Lord (2027 Edition).EWpr.docx
✓ St Matthew Sept 21st.PNpr.docx
✓ You_are_Nothing.BWMpr.docx
✓ Bent Over Woman.BWMpr.docx
✓ Mothers' Day May14.OLVpr.docx
✓ Thirsting for Justice.EWpr.docx
✓ Parable-of-the-Ten-Virgins.docx
✓ Generosity-Towards God.JSDpr.docx
✓ Holy Thursday Eucharist.EWpr.docx
✓ Happy Are the Meek.NJFpr.docx
✓ Pentecost Sunday.OLVpr.docx
✓ Parable-of-the-Treasure-and-the-Pearl.UIpr.docx
✓ Parable-of-the-Rich-Young-Man.VApr.docx
✓ Temptation.JMpr.docx
✓ Hearts-on-Fire.DWMpr.docx
✓ St. Joseph and The Treasure of Silence.MVFpr.docx
✓ Education in Social Virtues.EWpr.docx
✓ Good Use of Time.PNpr.docx
✓ Charity and Tongue.JMpr.docx
✓ Holy SaturdayGDpr.docx
✓ Humility Lent.UIpr.docx
✓ Aunt Carmen.OLVpr.docx
✓ Mar 25 AnnunciationGDpr.docx
✓ Examination-of-Conscience.KIpr.docx
✓ Crucifixion.JSDpr.docx
✓ Annunciation Advent Dec 20th.docx
✓ The Temple Tax.PKNpr.docx
✓ Come Lord Jesus.EWpr.docx
✓ St. John (2025 Edition).MVFpr.docx
✓ Sts Joachim and Anne July 26.pr.docx
✓ On Study.EWpr.docx
✓ Ascension.OLVpr.docx
✓ My Words Will Not Pass Away.EWpr.docx
✓ Forming Saints in the Domestic Church Bethany.EWpr.docx
✓ On Hope.JMpr.docx
✓ On Divine Filiation.docx
✓ The-Prophecy-Of-Simeon.CPGpr.docx
✓ God of Consolation.UIpr.docx
✓ Death, Good Use of Time II.KIpr.docx
✓ The Holy Name of Jesus (Jan 3rd).RKpr.docx
✓ Love for the Cross.NIKpr.docx
✓ The Only Real Evil.JOSHpr.docx
✓ Charity versus Anger.EWpr.docx
✓ St James July 25th.JOSHpr.docx
✓ Parable of the Vinedressers.JMpr.docx
✓ Cross Rejection.EWpr.docx
✓ Deeper Desire.JMpr.docx
✓ Octave of Corpus Christi_Day 3 Holy-Communion-Jesus-is-Mine.GDpr.docx
✓ Easter Faith.EWpr.docx
✓ Seeing-Christ-In-Illness.EWpr.docx
✓ Resurrection.EWpr.docx
✓ Octave of Corpus Christi Day 5 Daily Mass.JMpr.docx
✓ Parable-of-the-Labourers-in-the-Vineyard.EWpr.docx
✓ The Prodigal Son (2025 Edition).VApr.docx
✓ Chalice, Possumus, We Can.SMFprdocx.docx
✓ The Art of Prudence.UIpr.docx
✓ Octave of Corpus Christi_Day 1 Knowing-Loving-and-Living-The-Eucharist.GDpr.docx
✓ St Barnabas.MVFpr.docx
✓ Last Day Liturgical Year Vigilance.EWpr.docx
✓ Maturity_and-Participation-in-the-Divine-Nature.BWMpr.docx
✓ Midterm of the Year of St Joseph.JOSHpr.docx
✓ Sts Martha, Mary and Lazarus July 29th.OLVpr.docx
✓ May 14 St Matthias.GDpr.docx
✓ Our Lady of Sorrows - Sept 15th.MMLpr.docx
✓ Sincerity,Love for Truth.RKpr.doc.docx
✓ The Holy Name of Mary.OLVpr.docx
✓ St Thomas GDpr.docx
✓ Tepidity.EWpr.docx
✓ Humility-Relying-on-God GDpr.docx
✓ Son-of-the-Carpenter.JOSHpr.docx
✓ Professional-Prestige.RKpr.docx
✓ Taking advantage of the means of formation.DWMpr.docx
✓ Kindness.DWMpr.docx
✓ Plan-of-Life.CPGpr.docx
✓ The-Obedience-Of-Jesus.PKNpr.docx
✓ Trinity Sunday.MVFpr.docx
✓ Our Lady of Mt Carmel July 16th.JMpr.docx
✓ The-Pharisee-and-the-Publican.OLVpr.docx
✓ Preparing for the Jubilee Year 2025.docx
✓ St Pius X, Love for the Church Aug 21st.MVFpr.docx
✓ Raise-The-World.MMLpr.docx
✓ Prayer of Petition.GDpr.docx
✓ Sanctification-of-Later-Years.DWMpr.docx
✓ The-Harvest-is-Plentiful.RKpr.docx
✓ Defending-The-Family.MMLpr.docx
✓ Seed and Grace.EWpr.docx
✓ Till Death Do Us Part.SMFpr.docx
✓ The Speck In My Brothers Eye.JOSHpr.docx
✓ Rest.VApr.docx
✓ Octave of Corpus Christi_Day 2 The-Real-Presence.GDpr.docx
✓ On Humility.GDpr.docx
✓ The Passion of St John The Baptist.docx
✓ The-Mass-and-Personal-Self-Surrender.EWpr.docx
✓ Egypt and the Holy Family.SMFpr.docx
✓ May 18, Bl. Guadalupe Ortiz de Landazuri.OLVpr.docx
✓ Begin Again Fight The Fight.OLVpr.docx
✓ Crises Be Not Afraid.MVFpr.docx
✓ Clean of Heart.SMFpr.docx
